<?xml version="1.0" encoding="UTF-8"?>
<!-- Generated by org.testng.reporters.JUnitXMLReporter -->
<testsuite ignored="1" hostname="DESKTOP-FFALLFF" failures="0" tests="1" name="Default test" time="8.549" errors="0" timestamp="2026-01-15T17:37:05 IST">
  <testcase classname="shoppersStack_BackEnd.PostRequest_RegisterUserTest" name="postRequestRegisterUser_Test" time="8.439"/>
  <testcase classname="shoppersStack_BackEnd.PostRequest_RegisterUserTest" name="getShopper" time="0.0">
    <ignored/>
  </testcase> <!-- getShopper -->
</testsuite> <!-- Default test -->
