<?xml version="1.0" encoding="UTF-8"?>
<testng-results ignored="0" total="1" passed="1" failed="0" skipped="0">
  <reporter-output>
  </reporter-output>
  <suite started-at="2026-01-15T17:36:56 IST" name="Default suite" finished-at="2026-01-15T17:37:05 IST" duration-ms="8549">
    <groups>
    </groups>
    <test started-at="2026-01-15T17:36:56 IST" name="Default test" finished-at="2026-01-15T17:37:05 IST" duration-ms="8549">
      <class name="shoppersStack_BackEnd.PostRequest_RegisterUserTest">
        <test-method signature="postRequestRegisterUser_Test()[pri:0, instance:shoppersStack_BackEnd.PostRequest_RegisterUserTest@231f98ef]" started-at="2026-01-15T17:36:56 IST" name="postRequestRegisterUser_Test" finished-at="2026-01-15T17:37:05 IST" duration-ms="8439" status="PASS">
          <reporter-output>
          </reporter-output>
        </test-method> <!-- postRequestRegisterUser_Test -->
      </class> <!-- shoppersStack_BackEnd.PostRequest_RegisterUserTest -->
    </test> <!-- Default test -->
  </suite> <!-- Default suite -->
</testng-results>
